[debug] [2023-11-09T08:04:51.606Z] ----------------------------------------------------------------------
[debug] [2023-11-09T08:04:51.608Z] Command:       C:\Program Files\nodejs\node.exe C:\Program Files\nodejs\node_modules\firebase-tools\lib\bin\firebase.js deploy
[debug] [2023-11-09T08:04:51.609Z] CLI Version:   12.8.1
[debug] [2023-11-09T08:04:51.609Z] Platform:      win32
[debug] [2023-11-09T08:04:51.609Z] Node Version:  v18.18.2
[debug] [2023-11-09T08:04:51.611Z] Time:          Thu Nov 09 2023 13:34:51 GMT+0530 (India Standard Time)
[debug] [2023-11-09T08:04:51.611Z] ----------------------------------------------------------------------
[debug] 
[debug] [2023-11-09T08:04:51.670Z] > command requires scopes: ["email","openid","https://www.googleapis.com/auth/cloudplatformprojects.readonly","https://www.googleapis.com/auth/firebase","https://www.googleapis.com/auth/cloud-platform"]
[debug] [2023-11-09T08:04:51.671Z] > authorizing via signed-in user (pandeydivyansh070501@gmail.com)
[debug] [2023-11-09T08:04:51.671Z] [iam] checking project happiai-eaf5d for permissions ["firebase.projects.get","firebasehosting.sites.update"]
[debug] [2023-11-09T08:04:51.673Z] > refreshing access token with scopes: []
[debug] [2023-11-09T08:04:51.675Z] >>> [apiv2][query] POST https://www.googleapis.com/oauth2/v3/token [none]
[debug] [2023-11-09T08:04:51.675Z] >>> [apiv2][body] POST https://www.googleapis.com/oauth2/v3/token [omitted]
[debug] [2023-11-09T08:04:52.081Z] <<< [apiv2][status] POST https://www.googleapis.com/oauth2/v3/token 200
[debug] [2023-11-09T08:04:52.081Z] <<< [apiv2][body] POST https://www.googleapis.com/oauth2/v3/token [omitted]
[debug] [2023-11-09T08:04:52.107Z] >>> [apiv2][query] POST https://cloudresourcemanager.googleapis.com/v1/projects/happiai-eaf5d:testIamPermissions [none]
[debug] [2023-11-09T08:04:52.107Z] >>> [apiv2][(partial)header] POST https://cloudresourcemanager.googleapis.com/v1/projects/happiai-eaf5d:testIamPermissions x-goog-quota-user=projects/happiai-eaf5d
[debug] [2023-11-09T08:04:52.107Z] >>> [apiv2][body] POST https://cloudresourcemanager.googleapis.com/v1/projects/happiai-eaf5d:testIamPermissions {"permissions":["firebase.projects.get","firebasehosting.sites.update"]}
[debug] [2023-11-09T08:04:53.926Z] <<< [apiv2][status] POST https://cloudresourcemanager.googleapis.com/v1/projects/happiai-eaf5d:testIamPermissions 200
[debug] [2023-11-09T08:04:53.926Z] <<< [apiv2][body] POST https://cloudresourcemanager.googleapis.com/v1/projects/happiai-eaf5d:testIamPermissions {}
[debug] [2023-11-09T08:04:53.926Z] [iam] error while checking permissions, command may fail: FirebaseError: Authorization failed. This account is missing the following required permissions on project happiai-eaf5d:

  firebase.projects.get
  firebasehosting.sites.update
[debug] [2023-11-09T08:04:53.928Z] >>> [apiv2][query] GET https://firebase.googleapis.com/v1beta1/projects/happiai-eaf5d [none]
[debug] [2023-11-09T08:04:54.530Z] <<< [apiv2][status] GET https://firebase.googleapis.com/v1beta1/projects/happiai-eaf5d 403
[debug] [2023-11-09T08:04:54.530Z] <<< [apiv2][body] GET https://firebase.googleapis.com/v1beta1/projects/happiai-eaf5d {"error":{"code":403,"message":"The caller does not have permission","status":"PERMISSION_DENIED"}}
[debug] [2023-11-09T08:04:54.532Z] HTTP Error: 403, The caller does not have permission
[debug] [2023-11-09T08:04:54.865Z] FirebaseError: HTTP Error: 403, The caller does not have permission
    at responseToError (C:\Users\Divyansh\AppData\Roaming\nvm\v18.18.2\node_modules\firebase-tools\lib\responseToError.js:49:12)
    at RetryOperation._fn (C:\Users\Divyansh\AppData\Roaming\nvm\v18.18.2\node_modules\firebase-tools\lib\apiv2.js:285:77)
    at process.processTicksAndRejections (node:internal/process/task_queues:95:5)
[error] 
[error] Error: Failed to get Firebase project happiai-eaf5d. Please make sure the project exists and your account has permission to access it.
